Determining if the pthread_create exist failed with the following output:
Change Dir: C:/MinGW/msys/1.0/home/Makayla/glfw-3.2.1/build/CMakeFiles/CMakeTmp

Run Build Command:"C:/MinGW/msys/1.0/bin/make.exe" "cmTC_1b7e2/fast"
/usr/bin/make -f CMakeFiles/cmTC_1b7e2.dir/build.make CMakeFiles/cmTC_1b7e2.dir/build
make[1]: Entering directory `/usr/home/Makayla/glfw-3.2.1/build/CMakeFiles/CMakeTmp'
Building C object CMakeFiles/cmTC_1b7e2.dir/CheckSymbolExists.c.obj
/C/MinGW/bin/gcc.exe    -o CMakeFiles/cmTC_1b7e2.dir/CheckSymbolExists.c.obj   -c /C/MinGW/msys/1.0/home/Makayla/glfw-3.2.1/build/CMakeFiles/CMakeTmp/CheckSymbolExists.c
Linking C executable cmTC_1b7e2.exe
"/C/Program Files/CMake/bin/cmake.exe" -E remove -f CMakeFiles/cmTC_1b7e2.dir/objects.a
/C/MinGW/bin/ar.exe cr CMakeFiles/cmTC_1b7e2.dir/objects.a @CMakeFiles/cmTC_1b7e2.dir/objects1.rsp
/C/MinGW/bin/gcc.exe      -Wl,--whole-archive CMakeFiles/cmTC_1b7e2.dir/objects.a -Wl,--no-whole-archive  -o cmTC_1b7e2.exe -Wl,--out-implib,libcmTC_1b7e2.dll.a -Wl,--major-image-version,0,--minor-image-version,0 @CMakeFiles/cmTC_1b7e2.dir/linklibs.rsp
CMakeFiles/cmTC_1b7e2.dir/objects.a(CheckSymbolExists.c.obj):CheckSymbolExists.c:(.text+0x12): undefined reference to `pthread_create'
collect2.exe: error: ld returned 1 exit status
make[1]: *** [cmTC_1b7e2.exe] Error 1
make[1]: Leaving directory `/usr/home/Makayla/glfw-3.2.1/build/CMakeFiles/CMakeTmp'
make: *** [cmTC_1b7e2/fast] Error 2

File C:/MinGW/msys/1.0/home/Makayla/glfw-3.2.1/build/CMakeFiles/CMakeTmp/CheckSymbolExists.c:
/* */
#include <pthread.h>

int main(int argc, char** argv)
{
  (void)argv;
#ifndef pthread_create
  return ((int*)(&pthread_create))[argc];
#else
  (void)argc;
  return 0;
#endif
}

Determining if the function pthread_create exists in the pthreads failed with the following output:
Change Dir: C:/MinGW/msys/1.0/home/Makayla/glfw-3.2.1/build/CMakeFiles/CMakeTmp

Run Build Command:"C:/MinGW/msys/1.0/bin/make.exe" "cmTC_c2bd3/fast"
/usr/bin/make -f CMakeFiles/cmTC_c2bd3.dir/build.make CMakeFiles/cmTC_c2bd3.dir/build
make[1]: Entering directory `/usr/home/Makayla/glfw-3.2.1/build/CMakeFiles/CMakeTmp'
Building C object CMakeFiles/cmTC_c2bd3.dir/CheckFunctionExists.c.obj
/C/MinGW/bin/gcc.exe   -DCHECK_FUNCTION_EXISTS=pthread_create   -o CMakeFiles/cmTC_c2bd3.dir/CheckFunctionExists.c.obj   -c "/C/Program Files/CMake/share/cmake-3.8/Modules/CheckFunctionExists.c"
Linking C executable cmTC_c2bd3.exe
"/C/Program Files/CMake/bin/cmake.exe" -E remove -f CMakeFiles/cmTC_c2bd3.dir/objects.a
/C/MinGW/bin/ar.exe cr CMakeFiles/cmTC_c2bd3.dir/objects.a @CMakeFiles/cmTC_c2bd3.dir/objects1.rsp
/C/MinGW/bin/gcc.exe  -DCHECK_FUNCTION_EXISTS=pthread_create    -Wl,--whole-archive CMakeFiles/cmTC_c2bd3.dir/objects.a -Wl,--no-whole-archive  -o cmTC_c2bd3.exe -Wl,--out-implib,libcmTC_c2bd3.dll.a -Wl,--major-image-version,0,--minor-image-version,0 @CMakeFiles/cmTC_c2bd3.dir/linklibs.rsp
c:/mingw/bin/../lib/gcc/mingw32/5.3.0/../../../../mingw32/bin/ld.exe: cannot find -lpthreads
collect2.exe: error: ld returned 1 exit status
make[1]: *** [cmTC_c2bd3.exe] Error 1
make[1]: Leaving directory `/usr/home/Makayla/glfw-3.2.1/build/CMakeFiles/CMakeTmp'
make: *** [cmTC_c2bd3/fast] Error 2


Determining if the include file dinput.h exists failed with the following output:
Change Dir: C:/MinGW/msys/1.0/home/Makayla/glfw-3.2.1/build/CMakeFiles/CMakeTmp

Run Build Command:"C:/MinGW/msys/1.0/bin/make.exe" "cmTC_35ce7/fast"
/usr/bin/make -f CMakeFiles/cmTC_35ce7.dir/build.make CMakeFiles/cmTC_35ce7.dir/build
make[1]: Entering directory `/usr/home/Makayla/glfw-3.2.1/build/CMakeFiles/CMakeTmp'
Building C object CMakeFiles/cmTC_35ce7.dir/CheckIncludeFile.c.obj
/C/MinGW/bin/gcc.exe    -o CMakeFiles/cmTC_35ce7.dir/CheckIncludeFile.c.obj   -c /C/MinGW/msys/1.0/home/Makayla/glfw-3.2.1/build/CMakeFiles/CMakeTmp/CheckIncludeFile.c
c:/MinGW/msys/1.0/home/Makayla/glfw-3.2.1/build/CMakeFiles/CMakeTmp/CheckIncludeFile.c:1:20: fatal error: dinput.h: No such file or directory
compilation terminated.
make[1]: *** [CMakeFiles/cmTC_35ce7.dir/CheckIncludeFile.c.obj] Error 1
make[1]: Leaving directory `/usr/home/Makayla/glfw-3.2.1/build/CMakeFiles/CMakeTmp'
make: *** [cmTC_35ce7/fast] Error 2


Determining if the include file xinput.h exists failed with the following output:
Change Dir: C:/MinGW/msys/1.0/home/Makayla/glfw-3.2.1/build/CMakeFiles/CMakeTmp

Run Build Command:"C:/MinGW/msys/1.0/bin/make.exe" "cmTC_21dc7/fast"
/usr/bin/make -f CMakeFiles/cmTC_21dc7.dir/build.make CMakeFiles/cmTC_21dc7.dir/build
make[1]: Entering directory `/usr/home/Makayla/glfw-3.2.1/build/CMakeFiles/CMakeTmp'
Building C object CMakeFiles/cmTC_21dc7.dir/CheckIncludeFile.c.obj
/C/MinGW/bin/gcc.exe    -o CMakeFiles/cmTC_21dc7.dir/CheckIncludeFile.c.obj   -c /C/MinGW/msys/1.0/home/Makayla/glfw-3.2.1/build/CMakeFiles/CMakeTmp/CheckIncludeFile.c
c:/MinGW/msys/1.0/home/Makayla/glfw-3.2.1/build/CMakeFiles/CMakeTmp/CheckIncludeFile.c:1:20: fatal error: xinput.h: No such file or directory
compilation terminated.
make[1]: *** [CMakeFiles/cmTC_21dc7.dir/CheckIncludeFile.c.obj] Error 1
make[1]: Leaving directory `/usr/home/Makayla/glfw-3.2.1/build/CMakeFiles/CMakeTmp'
make: *** [cmTC_21dc7/fast] Error 2


Performing C SOURCE FILE Test _GLFW_HAS_64ASLR failed with the following output:
Change Dir: C:/MinGW/msys/1.0/home/Makayla/glfw-3.2.1/build/CMakeFiles/CMakeTmp

Run Build Command:"C:/MinGW/msys/1.0/bin/make.exe" "cmTC_6f256/fast"
/usr/bin/make -f CMakeFiles/cmTC_6f256.dir/build.make CMakeFiles/cmTC_6f256.dir/build
make[1]: Entering directory `/usr/home/Makayla/glfw-3.2.1/build/CMakeFiles/CMakeTmp'
Building C object CMakeFiles/cmTC_6f256.dir/src.c.obj
/C/MinGW/bin/gcc.exe   -D_GLFW_HAS_64ASLR -Wl,--high-entropy-va   -o CMakeFiles/cmTC_6f256.dir/src.c.obj   -c /C/MinGW/msys/1.0/home/Makayla/glfw-3.2.1/build/CMakeFiles/CMakeTmp/src.c
Linking C executable cmTC_6f256.exe
"/C/Program Files/CMake/bin/cmake.exe" -E remove -f CMakeFiles/cmTC_6f256.dir/objects.a
/C/MinGW/bin/ar.exe cr CMakeFiles/cmTC_6f256.dir/objects.a @CMakeFiles/cmTC_6f256.dir/objects1.rsp
/C/MinGW/bin/gcc.exe  -D_GLFW_HAS_64ASLR -Wl,--high-entropy-va    -Wl,--whole-archive CMakeFiles/cmTC_6f256.dir/objects.a -Wl,--no-whole-archive  -o cmTC_6f256.exe -Wl,--out-implib,libcmTC_6f256.dll.a -Wl,--major-image-version,0,--minor-image-version,0 @CMakeFiles/cmTC_6f256.dir/linklibs.rsp
c:/mingw/bin/../lib/gcc/mingw32/5.3.0/../../../../mingw32/bin/ld.exe: unrecognized option '--high-entropy-va'
c:/mingw/bin/../lib/gcc/mingw32/5.3.0/../../../../mingw32/bin/ld.exe: use the --help option for usage information
collect2.exe: error: ld returned 1 exit status
make[1]: *** [cmTC_6f256.exe] Error 1
make[1]: Leaving directory `/usr/home/Makayla/glfw-3.2.1/build/CMakeFiles/CMakeTmp'
make: *** [cmTC_6f256/fast] Error 2

Source file was:
int main(void) { return 0; }
